2024-04-10 10:24:41.195 +05:30  INF  Seri Log is Working
2024-04-10 10:30:38.080 +05:30  INF  Seri Log is Working
2024-04-10 10:33:29.380 +05:30  INF  Seri Log is Working
2024-04-10 10:34:25.291 +05:30  INF  Seri Log is Working
2024-04-10 10:34:38.906 +05:30  INF  Seri Log is Working
2024-04-10 10:35:29.461 +05:30  INF  Seri Log is Working
2024-04-10 10:48:18.727 +05:30  INF  Seri Log is Working
2024-04-10 11:00:02.083 +05:30  INF  Seri Log is Working
2024-04-10 12:36:06.226 +05:30  INF  Seri Log is Working
2024-04-10 12:36:22.081 +05:30  INF  Seri Log is Working
2024-04-10 12:36:26.167 +05:30  INF  Executed DbCommand (256ms) [Parameters=[], CommandType='"Text"', CommandTimeout='30']
SELECT EXISTS (
    SELECT 1 FROM pg_catalog.pg_class c
    JOIN pg_catalog.pg_namespace n ON n.oid=c.relnamespace
    WHERE n.nspname='public' AND
          c.relname='__EFMigrationsHistory'
)
2024-04-10 12:36:26.408 +05:30  INF  Executed DbCommand (224ms) [Parameters=[], CommandType='"Text"', CommandTimeout='30']
SELECT "MigrationId", "ProductVersion"
FROM "__EFMigrationsHistory"
ORDER BY "MigrationId";
2024-04-10 12:36:27.976 +05:30  INF  Executed DbCommand (225ms) [Parameters=[], CommandType='"Text"', CommandTimeout='30']
SELECT EXISTS (
    SELECT 1 FROM pg_catalog.pg_class c
    JOIN pg_catalog.pg_namespace n ON n.oid=c.relnamespace
    WHERE n.nspname='public' AND
          c.relname='__EFMigrationsHistory'
)
2024-04-10 12:36:29.618 +05:30  INF  Executed DbCommand (226ms) [Parameters=[], CommandType='"Text"', CommandTimeout='30']
SELECT EXISTS (
    SELECT 1 FROM pg_catalog.pg_class c
    JOIN pg_catalog.pg_namespace n ON n.oid=c.relnamespace
    WHERE n.nspname='public' AND
          c.relname='__EFMigrationsHistory'
)
2024-04-10 12:36:29.845 +05:30  INF  Executed DbCommand (226ms) [Parameters=[], CommandType='"Text"', CommandTimeout='30']
SELECT "MigrationId", "ProductVersion"
FROM "__EFMigrationsHistory"
ORDER BY "MigrationId";
2024-04-10 12:36:29.857 +05:30  INF  Applying migration '20240410070607_initaldbs'.
2024-04-10 12:36:30.131 +05:30  INF  Executed DbCommand (244ms) [Parameters=[], CommandType='"Text"', CommandTimeout='30']
CREATE TABLE "Equipment" (
    "EquipmentId" integer GENERATED BY DEFAULT AS IDENTITY,
    "CategoryId" integer NOT NULL,
    "CategoryName" text NOT NULL,
    "Brand" text NOT NULL,
    "Description" text NOT NULL,
    "Pdf" text NOT NULL,
    "Status" integer NOT NULL,
    "IsDeleted" boolean NOT NULL,
    "Rstatus" integer NOT NULL,
    CONSTRAINT "PK_Equipment" PRIMARY KEY ("EquipmentId")
);
2024-04-10 12:36:30.370 +05:30  INF  Executed DbCommand (238ms) [Parameters=[], CommandType='"Text"', CommandTimeout='30']
CREATE TABLE "User" (
    "UserId" text NOT NULL,
    "Fname" text NOT NULL,
    "Lname" text NOT NULL,
    "Role" text NOT NULL,
    "Email" text NOT NULL,
    "Department" text NOT NULL,
    "Position" text NOT NULL,
    "IsDeleted" boolean NOT NULL,
    CONSTRAINT "PK_User" PRIMARY KEY ("UserId")
);
2024-04-10 12:36:30.616 +05:30  INF  Executed DbCommand (246ms) [Parameters=[], CommandType='"Text"', CommandTimeout='30']
CREATE TABLE "Request" (
    "RequestId" integer GENERATED BY DEFAULT AS IDENTITY,
    "EquipmentId" integer NOT NULL,
    "UserId" text NOT NULL,
    "Status" integer NOT NULL,
    "RequestDate" timestamp with time zone NOT NULL,
    CONSTRAINT "PK_Request" PRIMARY KEY ("RequestId"),
    CONSTRAINT "FK_Request_Equipment_EquipmentId" FOREIGN KEY ("EquipmentId") REFERENCES "Equipment" ("EquipmentId") ON DELETE CASCADE,
    CONSTRAINT "FK_Request_User_UserId" FOREIGN KEY ("UserId") REFERENCES "User" ("UserId") ON DELETE CASCADE
);
2024-04-10 12:36:30.850 +05:30  INF  Executed DbCommand (234ms) [Parameters=[], CommandType='"Text"', CommandTimeout='30']
CREATE INDEX "IX_Request_EquipmentId" ON "Request" ("EquipmentId");
2024-04-10 12:36:31.081 +05:30  INF  Executed DbCommand (229ms) [Parameters=[], CommandType='"Text"', CommandTimeout='30']
CREATE INDEX "IX_Request_UserId" ON "Request" ("UserId");
2024-04-10 12:36:31.305 +05:30  INF  Executed DbCommand (223ms) [Parameters=[], CommandType='"Text"', CommandTimeout='30']
INSERT INTO "__EFMigrationsHistory" ("MigrationId", "ProductVersion")
VALUES ('20240410070607_initaldbs', '9.0.0-preview.2.24128.4');
2024-04-10 12:41:29.863 +05:30  INF  Seri Log is Working
2024-04-10 12:48:28.108 +05:30  INF  Seri Log is Working
2024-04-10 12:48:45.121 +05:30  INF  Seri Log is Working
2024-04-10 12:48:49.194 +05:30  INF  Executed DbCommand (259ms) [Parameters=[], CommandType='"Text"', CommandTimeout='30']
SELECT EXISTS (
    SELECT 1 FROM pg_catalog.pg_class c
    JOIN pg_catalog.pg_namespace n ON n.oid=c.relnamespace
    WHERE n.nspname='public' AND
          c.relname='__EFMigrationsHistory'
)
2024-04-10 12:48:49.437 +05:30  INF  Executed DbCommand (225ms) [Parameters=[], CommandType='"Text"', CommandTimeout='30']
SELECT "MigrationId", "ProductVersion"
FROM "__EFMigrationsHistory"
ORDER BY "MigrationId";
2024-04-10 12:48:51.046 +05:30  INF  Executed DbCommand (228ms) [Parameters=[], CommandType='"Text"', CommandTimeout='30']
SELECT EXISTS (
    SELECT 1 FROM pg_catalog.pg_class c
    JOIN pg_catalog.pg_namespace n ON n.oid=c.relnamespace
    WHERE n.nspname='public' AND
          c.relname='__EFMigrationsHistory'
)
2024-04-10 12:48:52.618 +05:30  INF  Executed DbCommand (224ms) [Parameters=[], CommandType='"Text"', CommandTimeout='30']
SELECT EXISTS (
    SELECT 1 FROM pg_catalog.pg_class c
    JOIN pg_catalog.pg_namespace n ON n.oid=c.relnamespace
    WHERE n.nspname='public' AND
          c.relname='__EFMigrationsHistory'
)
2024-04-10 12:48:52.843 +05:30  INF  Executed DbCommand (222ms) [Parameters=[], CommandType='"Text"', CommandTimeout='30']
SELECT "MigrationId", "ProductVersion"
FROM "__EFMigrationsHistory"
ORDER BY "MigrationId";
2024-04-10 12:48:52.851 +05:30  INF  Applying migration '20240410071828_logs'.
2024-04-10 12:48:53.089 +05:30  INF  Executed DbCommand (221ms) [Parameters=[], CommandType='"Text"', CommandTimeout='30']
INSERT INTO "__EFMigrationsHistory" ("MigrationId", "ProductVersion")
VALUES ('20240410071828_logs', '9.0.0-preview.2.24128.4');
2024-04-10 12:56:00.988 +05:30  INF  Seri Log is Working
2024-04-10 12:56:05.349 +05:30  INF  Executed DbCommand (277ms) [Parameters=[], CommandType='"Text"', CommandTimeout='30']
SELECT EXISTS (
    SELECT 1 FROM pg_catalog.pg_class c
    JOIN pg_catalog.pg_namespace n ON n.oid=c.relnamespace
    WHERE n.nspname='public' AND
          c.relname='__EFMigrationsHistory'
)
2024-04-10 12:56:05.586 +05:30  INF  Executed DbCommand (222ms) [Parameters=[], CommandType='"Text"', CommandTimeout='30']
SELECT "MigrationId", "ProductVersion"
FROM "__EFMigrationsHistory"
ORDER BY "MigrationId";
2024-04-10 12:56:21.286 +05:30  INF  Seri Log is Working
2024-04-10 12:56:25.651 +05:30  INF  Executed DbCommand (261ms) [Parameters=[], CommandType='"Text"', CommandTimeout='30']
SELECT EXISTS (
    SELECT 1 FROM pg_catalog.pg_class c
    JOIN pg_catalog.pg_namespace n ON n.oid=c.relnamespace
    WHERE n.nspname='public' AND
          c.relname='__EFMigrationsHistory'
)
2024-04-10 12:56:25.896 +05:30  INF  Executed DbCommand (230ms) [Parameters=[], CommandType='"Text"', CommandTimeout='30']
SELECT "MigrationId", "ProductVersion"
FROM "__EFMigrationsHistory"
ORDER BY "MigrationId";
2024-04-10 13:59:17.101 +05:30  INF  Seri Log is Working
2024-04-10 13:59:37.858 +05:30  INF  Seri Log is Working
2024-04-10 13:59:42.395 +05:30  INF  Executed DbCommand (280ms) [Parameters=[], CommandType='"Text"', CommandTimeout='30']
SELECT EXISTS (
    SELECT 1 FROM pg_catalog.pg_class c
    JOIN pg_catalog.pg_namespace n ON n.oid=c.relnamespace
    WHERE n.nspname='public' AND
          c.relname='__EFMigrationsHistory'
)
2024-04-10 13:59:42.655 +05:30  INF  Executed DbCommand (245ms) [Parameters=[], CommandType='"Text"', CommandTimeout='30']
SELECT "MigrationId", "ProductVersion"
FROM "__EFMigrationsHistory"
ORDER BY "MigrationId";
2024-04-10 14:07:04.125 +05:30  INF  Seri Log is Working
2024-04-10 14:07:16.535 +05:30  INF  Seri Log is Working
2024-04-10 14:07:20.597 +05:30  INF  Executed DbCommand (257ms) [Parameters=[], CommandType='"Text"', CommandTimeout='30']
SELECT EXISTS (
    SELECT 1 FROM pg_catalog.pg_class c
    JOIN pg_catalog.pg_namespace n ON n.oid=c.relnamespace
    WHERE n.nspname='public' AND
          c.relname='__EFMigrationsHistory'
)
2024-04-10 14:07:22.205 +05:30  INF  Executed DbCommand (227ms) [Parameters=[], CommandType='"Text"', CommandTimeout='30']
SELECT EXISTS (
    SELECT 1 FROM pg_catalog.pg_class c
    JOIN pg_catalog.pg_namespace n ON n.oid=c.relnamespace
    WHERE n.nspname='public' AND
          c.relname='__EFMigrationsHistory'
)
2024-04-10 14:07:23.859 +05:30  INF  Executed DbCommand (241ms) [Parameters=[], CommandType='"Text"', CommandTimeout='30']
CREATE TABLE "__EFMigrationsHistory" (
    "MigrationId" character varying(150) NOT NULL,
    "ProductVersion" character varying(32) NOT NULL,
    CONSTRAINT "PK___EFMigrationsHistory" PRIMARY KEY ("MigrationId")
);
2024-04-10 14:07:25.453 +05:30  INF  Executed DbCommand (225ms) [Parameters=[], CommandType='"Text"', CommandTimeout='30']
SELECT EXISTS (
    SELECT 1 FROM pg_catalog.pg_class c
    JOIN pg_catalog.pg_namespace n ON n.oid=c.relnamespace
    WHERE n.nspname='public' AND
          c.relname='__EFMigrationsHistory'
)
2024-04-10 14:07:25.685 +05:30  INF  Executed DbCommand (226ms) [Parameters=[], CommandType='"Text"', CommandTimeout='30']
SELECT "MigrationId", "ProductVersion"
FROM "__EFMigrationsHistory"
ORDER BY "MigrationId";
2024-04-10 14:07:25.694 +05:30  INF  Applying migration '20240410083704_adding-tables;'.
2024-04-10 14:07:25.954 +05:30  INF  Executed DbCommand (239ms) [Parameters=[], CommandType='"Text"', CommandTimeout='30']
CREATE TABLE "Equipment" (
    "EquipmentId" integer GENERATED BY DEFAULT AS IDENTITY,
    "CategoryId" integer NOT NULL,
    "CategoryName" text NOT NULL,
    "Brand" text NOT NULL,
    "Description" text NOT NULL,
    "Pdf" text NOT NULL,
    "Status" integer NOT NULL,
    "IsDeleted" boolean NOT NULL,
    "Rstatus" integer NOT NULL,
    CONSTRAINT "PK_Equipment" PRIMARY KEY ("EquipmentId")
);
2024-04-10 14:07:26.193 +05:30  INF  Executed DbCommand (238ms) [Parameters=[], CommandType='"Text"', CommandTimeout='30']
CREATE TABLE "User" (
    "UserId" text NOT NULL,
    "Fname" text NOT NULL,
    "Lname" text NOT NULL,
    "Role" text NOT NULL,
    "Email" text NOT NULL,
    "Department" text NOT NULL,
    "Position" text NOT NULL,
    "IsDeleted" boolean NOT NULL,
    CONSTRAINT "PK_User" PRIMARY KEY ("UserId")
);
2024-04-10 14:07:26.432 +05:30  INF  Executed DbCommand (238ms) [Parameters=[], CommandType='"Text"', CommandTimeout='30']
CREATE TABLE "Request" (
    "RequestId" integer GENERATED BY DEFAULT AS IDENTITY,
    "EquipmentId" integer NOT NULL,
    "UserId" text NOT NULL,
    "Status" integer NOT NULL,
    "RequestDate" timestamp with time zone NOT NULL,
    CONSTRAINT "PK_Request" PRIMARY KEY ("RequestId"),
    CONSTRAINT "FK_Request_Equipment_EquipmentId" FOREIGN KEY ("EquipmentId") REFERENCES "Equipment" ("EquipmentId") ON DELETE CASCADE,
    CONSTRAINT "FK_Request_User_UserId" FOREIGN KEY ("UserId") REFERENCES "User" ("UserId") ON DELETE CASCADE
);
2024-04-10 14:07:26.662 +05:30  INF  Executed DbCommand (230ms) [Parameters=[], CommandType='"Text"', CommandTimeout='30']
CREATE INDEX "IX_Request_EquipmentId" ON "Request" ("EquipmentId");
2024-04-10 14:07:26.894 +05:30  INF  Executed DbCommand (231ms) [Parameters=[], CommandType='"Text"', CommandTimeout='30']
CREATE INDEX "IX_Request_UserId" ON "Request" ("UserId");
2024-04-10 14:07:27.124 +05:30  INF  Executed DbCommand (229ms) [Parameters=[], CommandType='"Text"', CommandTimeout='30']
INSERT INTO "__EFMigrationsHistory" ("MigrationId", "ProductVersion")
VALUES ('20240410083704_adding-tables;', '9.0.0-preview.2.24128.4');
2024-04-10 14:09:06.898 +05:30  INF  Seri Log is Working
2024-04-10 14:19:13.983 +05:30  INF  Seri Log is Working
2024-04-10 14:19:18.070 +05:30  INF  Executed DbCommand (258ms) [Parameters=[], CommandType='"Text"', CommandTimeout='30']
SELECT EXISTS (
    SELECT 1 FROM pg_catalog.pg_class c
    JOIN pg_catalog.pg_namespace n ON n.oid=c.relnamespace
    WHERE n.nspname='public' AND
          c.relname='__EFMigrationsHistory'
)
2024-04-10 14:19:18.323 +05:30  INF  Executed DbCommand (232ms) [Parameters=[], CommandType='"Text"', CommandTimeout='30']
SELECT "MigrationId", "ProductVersion"
FROM "__EFMigrationsHistory"
ORDER BY "MigrationId";
2024-04-10 14:19:19.916 +05:30  INF  Executed DbCommand (223ms) [Parameters=[], CommandType='"Text"', CommandTimeout='30']
SELECT EXISTS (
    SELECT 1 FROM pg_catalog.pg_class c
    JOIN pg_catalog.pg_namespace n ON n.oid=c.relnamespace
    WHERE n.nspname='public' AND
          c.relname='__EFMigrationsHistory'
)
2024-04-10 14:19:21.530 +05:30  INF  Executed DbCommand (234ms) [Parameters=[], CommandType='"Text"', CommandTimeout='30']
SELECT EXISTS (
    SELECT 1 FROM pg_catalog.pg_class c
    JOIN pg_catalog.pg_namespace n ON n.oid=c.relnamespace
    WHERE n.nspname='public' AND
          c.relname='__EFMigrationsHistory'
)
2024-04-10 14:19:21.760 +05:30  INF  Executed DbCommand (229ms) [Parameters=[], CommandType='"Text"', CommandTimeout='30']
SELECT "MigrationId", "ProductVersion"
FROM "__EFMigrationsHistory"
ORDER BY "MigrationId";
2024-04-10 14:19:21.773 +05:30  INF  Applying migration '20240410083907_addingresttables'.
2024-04-10 14:19:22.044 +05:30  INF  Executed DbCommand (243ms) [Parameters=[], CommandType='"Text"', CommandTimeout='30']
CREATE TABLE "Gatepass" (
    "GatepassId" integer GENERATED BY DEFAULT AS IDENTITY,
    "UserId" text NOT NULL,
    "RequestId" integer NOT NULL,
    "IssueDate" timestamp with time zone NOT NULL,
    "ApprovalDate" timestamp with time zone,
    "ExpiryDate" timestamp with time zone NOT NULL,
    "ApproverId" text NOT NULL,
    CONSTRAINT "PK_Gatepass" PRIMARY KEY ("GatepassId"),
    CONSTRAINT "FK_Gatepass_Request_RequestId" FOREIGN KEY ("RequestId") REFERENCES "Request" ("RequestId") ON DELETE CASCADE,
    CONSTRAINT "FK_Gatepass_User_UserId" FOREIGN KEY ("UserId") REFERENCES "User" ("UserId") ON DELETE CASCADE,
    CONSTRAINT "FK_Gatepass_User_ApproverId" FOREIGN KEY ("ApproverId") REFERENCES "User" ("UserId") ON DELETE CASCADE
);
2024-04-10 14:19:22.280 +05:30  INF  Executed DbCommand (236ms) [Parameters=[], CommandType='"Text"', CommandTimeout='30']
CREATE TABLE "LogTable" (
    "ID" integer GENERATED BY DEFAULT AS IDENTITY,
    "RequestId" integer NOT NULL,
    "IssueDate" timestamp with time zone NOT NULL,
    "ExpiryDate" timestamp with time zone NOT NULL,
    "CategoryId" integer NOT NULL,
    "ApproverId" text NOT NULL,
    "EquipmentId" integer NOT NULL,
    "UserId" text NOT NULL,
    CONSTRAINT "PK_LogTable" PRIMARY KEY ("ID"),
    CONSTRAINT "FK_LogTable_Request_RequestId" FOREIGN KEY ("RequestId") REFERENCES "Request" ("RequestId") ON DELETE CASCADE,
    CONSTRAINT "FK_LogTable_User_ApproverId" FOREIGN KEY ("ApproverId") REFERENCES "User" ("UserId") ON DELETE CASCADE,
    CONSTRAINT "FK_LogTable_Equipment_EquipmentId" FOREIGN KEY ("EquipmentId") REFERENCES "Equipment" ("EquipmentId") ON DELETE CASCADE,
    CONSTRAINT "FK_LogTable_User_UserId" FOREIGN KEY ("UserId") REFERENCES "User" ("UserId") ON DELETE CASCADE
);
2024-04-10 14:19:22.504 +05:30  INF  Executed DbCommand (223ms) [Parameters=[], CommandType='"Text"', CommandTimeout='30']
INSERT INTO "__EFMigrationsHistory" ("MigrationId", "ProductVersion")
VALUES ('20240410083907_addingresttables', '9.0.0-preview.2.24128.4');
2024-04-10 15:29:09.278 +05:30  INF  Seri Log is Working
2024-04-10 15:34:31.478 +05:30  INF  Seri Log is Working
2024-04-10 15:34:35.915 +05:30  INF  Executed DbCommand (268ms) [Parameters=[], CommandType='"Text"', CommandTimeout='30']
SELECT EXISTS (
    SELECT 1 FROM pg_catalog.pg_class c
    JOIN pg_catalog.pg_namespace n ON n.oid=c.relnamespace
    WHERE n.nspname='public' AND
          c.relname='__EFMigrationsHistory'
)
2024-04-10 15:34:36.219 +05:30  INF  Executed DbCommand (285ms) [Parameters=[], CommandType='"Text"', CommandTimeout='30']
SELECT "MigrationId", "ProductVersion"
FROM "__EFMigrationsHistory"
ORDER BY "MigrationId";
2024-04-10 15:35:37.342 +05:30  INF  Seri Log is Working
2024-04-10 15:35:56.245 +05:30  INF  Seri Log is Working
2024-04-10 15:36:00.322 +05:30  INF  Executed DbCommand (257ms) [Parameters=[], CommandType='"Text"', CommandTimeout='30']
SELECT EXISTS (
    SELECT 1 FROM pg_catalog.pg_class c
    JOIN pg_catalog.pg_namespace n ON n.oid=c.relnamespace
    WHERE n.nspname='public' AND
          c.relname='__EFMigrationsHistory'
)
2024-04-10 15:36:00.568 +05:30  INF  Executed DbCommand (223ms) [Parameters=[], CommandType='"Text"', CommandTimeout='30']
SELECT "MigrationId", "ProductVersion"
FROM "__EFMigrationsHistory"
ORDER BY "MigrationId";
2024-04-10 15:36:02.162 +05:30  INF  Executed DbCommand (221ms) [Parameters=[], CommandType='"Text"', CommandTimeout='30']
SELECT EXISTS (
    SELECT 1 FROM pg_catalog.pg_class c
    JOIN pg_catalog.pg_namespace n ON n.oid=c.relnamespace
    WHERE n.nspname='public' AND
          c.relname='__EFMigrationsHistory'
)
2024-04-10 15:36:03.759 +05:30  INF  Executed DbCommand (234ms) [Parameters=[], CommandType='"Text"', CommandTimeout='30']
SELECT EXISTS (
    SELECT 1 FROM pg_catalog.pg_class c
    JOIN pg_catalog.pg_namespace n ON n.oid=c.relnamespace
    WHERE n.nspname='public' AND
          c.relname='__EFMigrationsHistory'
)
2024-04-10 15:36:03.981 +05:30  INF  Executed DbCommand (221ms) [Parameters=[], CommandType='"Text"', CommandTimeout='30']
SELECT "MigrationId", "ProductVersion"
FROM "__EFMigrationsHistory"
ORDER BY "MigrationId";
2024-04-10 15:36:03.991 +05:30  INF  Applying migration '20240410100538_remove-dep'.
2024-04-10 15:36:04.235 +05:30  INF  Executed DbCommand (223ms) [Parameters=[], CommandType='"Text"', CommandTimeout='30']
ALTER TABLE "User" DROP COLUMN "Department";
2024-04-10 15:36:04.455 +05:30  INF  Executed DbCommand (219ms) [Parameters=[], CommandType='"Text"', CommandTimeout='30']
INSERT INTO "__EFMigrationsHistory" ("MigrationId", "ProductVersion")
VALUES ('20240410100538_remove-dep', '9.0.0-preview.2.24128.4');
2024-04-10 15:40:42.512 +05:30  WRN  The WebRootPath was not found: C:\Users\inpuvma\source\repos\inventBackend\inventBackend\wwwroot. Static files may be unavailable.
2024-04-10 15:40:42.578 +05:30  INF  Application started. Press Ctrl+C to shut down.
2024-04-10 15:40:42.579 +05:30  INF  Hosting environment: Development
2024-04-10 15:40:42.579 +05:30  INF  Content root path: C:\Users\inpuvma\source\repos\inventBackend\inventBackend
2024-04-10 15:40:42.642 +05:30  INF  Request starting HTTP/2 GET https://localhost:44378/swagger/index.html - null null
2024-04-10 15:40:43.534 +05:30  INF  Request starting HTTP/2 GET https://localhost:44378/_framework/aspnetcore-browser-refresh.js - null null
2024-04-10 15:40:43.534 +05:30  INF  Request finished HTTP/2 GET https://localhost:44378/swagger/index.html - 200 null text/html;charset=utf-8 899.4487ms
2024-04-10 15:40:43.536 +05:30  INF  Request starting HTTP/2 GET https://localhost:44378/_vs/browserLink - null null
2024-04-10 15:40:43.543 +05:30  INF  Request finished HTTP/2 GET https://localhost:44378/_framework/aspnetcore-browser-refresh.js - 200 13762 application/javascript; charset=utf-8 6.7333ms
2024-04-10 15:40:43.621 +05:30  INF  Request finished HTTP/2 GET https://localhost:44378/_vs/browserLink - 200 null text/javascript; charset=UTF-8 84.8091ms
2024-04-10 15:40:43.664 +05:30  INF  Request starting HTTP/2 GET https://localhost:44378/swagger/v1/swagger.json - null null
2024-04-10 15:40:43.758 +05:30  INF  Request finished HTTP/2 GET https://localhost:44378/swagger/v1/swagger.json - 200 null application/json;charset=utf-8 93.9344ms
2024-04-10 15:40:52.827 +05:30  INF  Request starting HTTP/2 POST https://localhost:44378/api/Profile/Insert - application/json 125
2024-04-10 15:40:52.834 +05:30  INF  CORS policy execution failed.
2024-04-10 15:40:52.834 +05:30  INF  Request origin https://localhost:44378 does not have permission to access the resource.
2024-04-10 15:40:52.836 +05:30  INF  Executing endpoint 'ProfileController.InsertProfile (inventBackend)'
2024-04-10 15:40:52.856 +05:30  INF  Route matched with {action = "InsertProfile", controller = "Profile"}. Executing controller action with signature Microsoft.AspNetCore.Mvc.IActionResult InsertProfile(ProfileType) on controller ProfileController (inventBackend).
2024-04-10 15:40:52.908 +05:30  INF  Seri Log is Working
2024-04-10 15:40:55.748 +05:30  INF  Executed DbCommand (274ms) [Parameters=[@__profile_Id_0='?'], CommandType='"Text"', CommandTimeout='30']
SELECT u."UserId", u."Email", u."Fname", u."IsDeleted", u."Lname", u."Position", u."Role"
FROM "User" AS u
WHERE u."UserId" = @__profile_Id_0
LIMIT 1
2024-04-10 15:40:56.084 +05:30  INF  Executed DbCommand (226ms) [Parameters=[@p0='?', @p1='?', @p2='?', @p3='?' (DbType = Boolean), @p4='?', @p5='?', @p6='?'], CommandType='"Text"', CommandTimeout='30']
INSERT INTO "User" ("UserId", "Email", "Fname", "IsDeleted", "Lname", "Position", "Role")
VALUES (@p0, @p1, @p2, @p3, @p4, @p5, @p6);
2024-04-10 15:40:56.094 +05:30  INF  Executing OkObjectResult, writing value of type 'inventBackend.Models.User'.
2024-04-10 15:40:56.116 +05:30  INF  Executed action ProfileController.InsertProfile (inventBackend) in 3256.4917ms
2024-04-10 15:40:56.117 +05:30  INF  Executed endpoint 'ProfileController.InsertProfile (inventBackend)'
2024-04-10 15:40:56.123 +05:30  INF  Request finished HTTP/2 POST https://localhost:44378/api/Profile/Insert - 200 null application/json; charset=utf-8 3296.1023ms
2024-04-10 15:41:48.807 +05:30  INF  Request starting HTTP/2 OPTIONS https://localhost:44378/api/Profile/Insert - null null
2024-04-10 15:41:48.808 +05:30  INF  CORS policy execution successful.
2024-04-10 15:41:48.812 +05:30  INF  Request finished HTTP/2 OPTIONS https://localhost:44378/api/Profile/Insert - 204 null null 5.0392ms
2024-04-10 15:41:48.815 +05:30  INF  Request starting HTTP/2 POST https://localhost:44378/api/Profile/Insert - application/json 170
2024-04-10 15:41:48.816 +05:30  INF  CORS policy execution successful.
2024-04-10 15:41:48.816 +05:30  INF  Executing endpoint 'ProfileController.InsertProfile (inventBackend)'
2024-04-10 15:41:48.816 +05:30  INF  Route matched with {action = "InsertProfile", controller = "Profile"}. Executing controller action with signature Microsoft.AspNetCore.Mvc.IActionResult InsertProfile(ProfileType) on controller ProfileController (inventBackend).
2024-04-10 15:41:48.816 +05:30  INF  Seri Log is Working
2024-04-10 15:41:48.823 +05:30  INF  Executing BadRequestObjectResult, writing value of type 'Microsoft.AspNetCore.Mvc.ValidationProblemDetails'.
2024-04-10 15:41:48.836 +05:30  INF  Executed action ProfileController.InsertProfile (inventBackend) in 19.3782ms
2024-04-10 15:41:48.836 +05:30  INF  Executed endpoint 'ProfileController.InsertProfile (inventBackend)'
2024-04-10 15:41:48.836 +05:30  INF  Request finished HTTP/2 POST https://localhost:44378/api/Profile/Insert - 400 null application/problem+json; charset=utf-8 20.6795ms
2024-04-10 15:44:32.478 +05:30  INF  Request starting HTTP/2 POST https://localhost:44378/api/Profile/Insert - application/json 191
2024-04-10 15:44:32.479 +05:30  INF  CORS policy execution failed.
2024-04-10 15:44:32.479 +05:30  INF  Request origin https://localhost:44378 does not have permission to access the resource.
2024-04-10 15:44:32.479 +05:30  INF  Executing endpoint 'ProfileController.InsertProfile (inventBackend)'
2024-04-10 15:44:32.479 +05:30  INF  Route matched with {action = "InsertProfile", controller = "Profile"}. Executing controller action with signature Microsoft.AspNetCore.Mvc.IActionResult InsertProfile(ProfileType) on controller ProfileController (inventBackend).
2024-04-10 15:44:32.481 +05:30  INF  Seri Log is Working
2024-04-10 15:44:32.728 +05:30  INF  Executed DbCommand (225ms) [Parameters=[@__profile_Id_0='?'], CommandType='"Text"', CommandTimeout='30']
SELECT u."UserId", u."Email", u."Fname", u."IsDeleted", u."Lname", u."Position", u."Role"
FROM "User" AS u
WHERE u."UserId" = @__profile_Id_0
LIMIT 1
2024-04-10 15:44:32.955 +05:30  INF  Executed DbCommand (224ms) [Parameters=[@p0='?', @p1='?', @p2='?', @p3='?' (DbType = Boolean), @p4='?', @p5='?', @p6='?'], CommandType='"Text"', CommandTimeout='30']
INSERT INTO "User" ("UserId", "Email", "Fname", "IsDeleted", "Lname", "Position", "Role")
VALUES (@p0, @p1, @p2, @p3, @p4, @p5, @p6);
2024-04-10 15:44:32.955 +05:30  INF  Executing OkObjectResult, writing value of type 'inventBackend.Models.User'.
2024-04-10 15:44:32.955 +05:30  INF  Executed action ProfileController.InsertProfile (inventBackend) in 476.3817ms
2024-04-10 15:44:32.955 +05:30  INF  Executed endpoint 'ProfileController.InsertProfile (inventBackend)'
2024-04-10 15:44:32.956 +05:30  INF  Request finished HTTP/2 POST https://localhost:44378/api/Profile/Insert - 200 null application/json; charset=utf-8 477.8517ms
2024-04-10 15:46:43.780 +05:30  INF  Request starting HTTP/2 OPTIONS https://localhost:44378/api/Profile/Insert - null null
2024-04-10 15:46:43.782 +05:30  INF  CORS policy execution successful.
2024-04-10 15:46:43.783 +05:30  INF  Request finished HTTP/2 OPTIONS https://localhost:44378/api/Profile/Insert - 204 null null 3.3334ms
2024-04-10 15:46:43.784 +05:30  INF  Request starting HTTP/2 POST https://localhost:44378/api/Profile/Insert - application/json 170
2024-04-10 15:46:43.784 +05:30  INF  CORS policy execution successful.
2024-04-10 15:46:43.785 +05:30  INF  Executing endpoint 'ProfileController.InsertProfile (inventBackend)'
2024-04-10 15:46:43.785 +05:30  INF  Route matched with {action = "InsertProfile", controller = "Profile"}. Executing controller action with signature Microsoft.AspNetCore.Mvc.IActionResult InsertProfile(ProfileType) on controller ProfileController (inventBackend).
2024-04-10 15:46:43.785 +05:30  INF  Seri Log is Working
2024-04-10 15:46:43.785 +05:30  INF  Executing BadRequestObjectResult, writing value of type 'Microsoft.AspNetCore.Mvc.ValidationProblemDetails'.
2024-04-10 15:46:43.786 +05:30  INF  Executed action ProfileController.InsertProfile (inventBackend) in 0.8983ms
2024-04-10 15:46:43.786 +05:30  INF  Executed endpoint 'ProfileController.InsertProfile (inventBackend)'
2024-04-10 15:46:43.786 +05:30  INF  Request finished HTTP/2 POST https://localhost:44378/api/Profile/Insert - 400 null application/problem+json; charset=utf-8 1.4897ms
2024-04-10 15:50:15.668 +05:30  INF  Request starting HTTP/2 OPTIONS https://localhost:44378/api/Profile/Insert - null null
2024-04-10 15:50:15.699 +05:30  INF  CORS policy execution successful.
2024-04-10 15:50:15.701 +05:30  INF  Request finished HTTP/2 OPTIONS https://localhost:44378/api/Profile/Insert - 204 null null 32.6409ms
2024-04-10 15:50:15.702 +05:30  INF  Request starting HTTP/2 POST https://localhost:44378/api/Profile/Insert - application/json 170
2024-04-10 15:50:15.702 +05:30  INF  CORS policy execution successful.
2024-04-10 15:50:15.702 +05:30  INF  Executing endpoint 'ProfileController.InsertProfile (inventBackend)'
2024-04-10 15:50:15.702 +05:30  INF  Route matched with {action = "InsertProfile", controller = "Profile"}. Executing controller action with signature Microsoft.AspNetCore.Mvc.IActionResult InsertProfile(ProfileType) on controller ProfileController (inventBackend).
2024-04-10 15:50:15.702 +05:30  INF  Seri Log is Working
2024-04-10 15:50:15.703 +05:30  INF  Executing BadRequestObjectResult, writing value of type 'Microsoft.AspNetCore.Mvc.ValidationProblemDetails'.
2024-04-10 15:50:15.703 +05:30  INF  Executed action ProfileController.InsertProfile (inventBackend) in 0.9339ms
2024-04-10 15:50:15.703 +05:30  INF  Executed endpoint 'ProfileController.InsertProfile (inventBackend)'
2024-04-10 15:50:15.703 +05:30  INF  Request finished HTTP/2 POST https://localhost:44378/api/Profile/Insert - 400 null application/problem+json; charset=utf-8 1.5689ms
2024-04-10 16:20:14.736 +05:30  INF  Request starting HTTP/2 OPTIONS https://localhost:44378/api/Profile/Insert - null null
2024-04-10 16:20:14.739 +05:30  INF  CORS policy execution successful.
2024-04-10 16:20:14.740 +05:30  INF  Request finished HTTP/2 OPTIONS https://localhost:44378/api/Profile/Insert - 204 null null 3.9419ms
2024-04-10 16:20:14.741 +05:30  INF  Request starting HTTP/2 POST https://localhost:44378/api/Profile/Insert - application/json 168
2024-04-10 16:20:14.741 +05:30  INF  CORS policy execution successful.
2024-04-10 16:20:14.741 +05:30  INF  Executing endpoint 'ProfileController.InsertProfile (inventBackend)'
2024-04-10 16:20:14.741 +05:30  INF  Route matched with {action = "InsertProfile", controller = "Profile"}. Executing controller action with signature Microsoft.AspNetCore.Mvc.IActionResult InsertProfile(ProfileType) on controller ProfileController (inventBackend).
2024-04-10 16:20:14.741 +05:30  INF  Seri Log is Working
2024-04-10 16:20:14.742 +05:30  INF  Executing BadRequestObjectResult, writing value of type 'Microsoft.AspNetCore.Mvc.ValidationProblemDetails'.
2024-04-10 16:20:14.742 +05:30  INF  Executed action ProfileController.InsertProfile (inventBackend) in 0.88ms
2024-04-10 16:20:14.742 +05:30  INF  Executed endpoint 'ProfileController.InsertProfile (inventBackend)'
2024-04-10 16:20:14.742 +05:30  INF  Request finished HTTP/2 POST https://localhost:44378/api/Profile/Insert - 400 null application/problem+json; charset=utf-8 1.3992ms
2024-04-10 16:22:25.755 +05:30  WRN  The WebRootPath was not found: C:\Users\inpuvma\source\repos\inventBackend\inventBackend\wwwroot. Static files may be unavailable.
2024-04-10 16:22:25.800 +05:30  INF  Application started. Press Ctrl+C to shut down.
2024-04-10 16:22:25.800 +05:30  INF  Hosting environment: Development
2024-04-10 16:22:25.800 +05:30  INF  Content root path: C:\Users\inpuvma\source\repos\inventBackend\inventBackend
2024-04-10 16:22:25.834 +05:30  INF  Request starting HTTP/2 GET https://localhost:44378/swagger/index.html - null null
2024-04-10 16:22:26.076 +05:30  INF  Request starting HTTP/2 GET https://localhost:44378/_vs/browserLink - null null
2024-04-10 16:22:26.076 +05:30  INF  Request starting HTTP/2 GET https://localhost:44378/_framework/aspnetcore-browser-refresh.js - null null
2024-04-10 16:22:26.077 +05:30  INF  Request finished HTTP/2 GET https://localhost:44378/swagger/index.html - 200 null text/html;charset=utf-8 246.76ms
2024-04-10 16:22:26.078 +05:30  INF  Request finished HTTP/2 GET https://localhost:44378/_framework/aspnetcore-browser-refresh.js - 200 13762 application/javascript; charset=utf-8 2.6093ms
2024-04-10 16:22:26.111 +05:30  INF  Request finished HTTP/2 GET https://localhost:44378/_vs/browserLink - 200 null text/javascript; charset=UTF-8 35.6361ms
2024-04-10 16:22:26.152 +05:30  INF  Request starting HTTP/2 GET https://localhost:44378/swagger/v1/swagger.json - null null
2024-04-10 16:22:26.241 +05:30  INF  Request finished HTTP/2 GET https://localhost:44378/swagger/v1/swagger.json - 200 null application/json;charset=utf-8 88.9956ms
2024-04-10 16:23:14.314 +05:30  INF  Request starting HTTP/2 OPTIONS https://localhost:44378/api/Profile/Insert - null null
2024-04-10 16:23:14.319 +05:30  INF  CORS policy execution successful.
2024-04-10 16:23:14.321 +05:30  INF  Request finished HTTP/2 OPTIONS https://localhost:44378/api/Profile/Insert - 204 null null 7.1043ms
2024-04-10 16:23:14.325 +05:30  INF  Request starting HTTP/2 POST https://localhost:44378/api/Profile/Insert - application/json 170
2024-04-10 16:23:14.328 +05:30  INF  CORS policy execution successful.
2024-04-10 16:23:14.330 +05:30  INF  Executing endpoint 'ProfileController.InsertProfile (inventBackend)'
2024-04-10 16:23:14.346 +05:30  INF  Route matched with {action = "InsertProfile", controller = "Profile"}. Executing controller action with signature Microsoft.AspNetCore.Mvc.IActionResult InsertProfile(ProfileType) on controller ProfileController (inventBackend).
2024-04-10 16:23:14.391 +05:30  INF  Seri Log is Working
2024-04-10 16:23:17.049 +05:30  INF  Executed DbCommand (261ms) [Parameters=[@__profile_Id_0='?'], CommandType='"Text"', CommandTimeout='30']
SELECT u."UserId", u."Email", u."Fname", u."IsDeleted", u."Lname", u."Position", u."Role"
FROM "User" AS u
WHERE u."UserId" = @__profile_Id_0
LIMIT 1
2024-04-10 16:23:17.369 +05:30  INF  Executed DbCommand (226ms) [Parameters=[@p0='?', @p1='?', @p2='?', @p3='?' (DbType = Boolean), @p4='?', @p5='?', @p6='?'], CommandType='"Text"', CommandTimeout='30']
INSERT INTO "User" ("UserId", "Email", "Fname", "IsDeleted", "Lname", "Position", "Role")
VALUES (@p0, @p1, @p2, @p3, @p4, @p5, @p6);
2024-04-10 16:23:17.378 +05:30  INF  Executing OkObjectResult, writing value of type 'inventBackend.Models.User'.
2024-04-10 16:23:17.402 +05:30  INF  Executed action ProfileController.InsertProfile (inventBackend) in 3052.2568ms
2024-04-10 16:23:17.402 +05:30  INF  Executed endpoint 'ProfileController.InsertProfile (inventBackend)'
2024-04-10 16:23:17.408 +05:30  INF  Request finished HTTP/2 POST https://localhost:44378/api/Profile/Insert - 200 null application/json; charset=utf-8 3084.2159ms
